app/build/outputs/logs/manifest-merger-debug-report.txt
-- Merging decision tree log ---
manifest
ADDED from src/main/AndroidManifest.xml:2:1-93:12
	package
		ADDED from src/main/AndroidManifest.xml:3:5-37
		INJECTED from src/main/AndroidManifest.xml
		INJECTED from src/main/AndroidManifest.xml
	android:versionName
		ADDED from src/main/AndroidManifest.xml:5:5-30
		INJECTED from src/main/AndroidManifest.xml
		INJECTED from src/main/AndroidManifest.xml
	android:versionCode
		ADDED from src/main/AndroidManifest.xml:4:5-28
		INJECTED from src/main/AndroidManifest.xml
		INJECTED from src/main/AndroidManifest.xml
	xmlns:android
		ADDED from src/main/AndroidManifest.xml:2:11-69
uses-sdk
ADDED from src/main/AndroidManifest.xml:7:5-9:41
	android:targetSdkVersion
		ADDED from src/main/AndroidManifest.xml:9:9-38
		INJECTED from src/main/AndroidManifest.xml
		INJECTED from src/main/AndroidManifest.xml
	android:minSdkVersion
		ADDED from src/main/AndroidManifest.xml:8:9-34
		INJECTED from src/main/AndroidManifest.xml
		INJECTED from src/main/AndroidManifest.xml
uses-permission#android.permission.RECORD_AUDIO
ADDED from src/main/AndroidManifest.xml:11:5-71
	android:name
		ADDED from src/main/AndroidManifest.xml:11:22-68
uses-permission#android.permission.INTERNET
ADDED from src/main/AndroidManifest.xml:12:5-67
	android:name
		ADDED from src/main/AndroidManifest.xml:12:22-64
uses-permission#android.permission.ACCESS_NETWORK_STATE
ADDED from src/main/AndroidManifest.xml:13:5-79
	android:name
		ADDED from src/main/AndroidManifest.xml:13:22-76
uses-permission#android.permission.ACCESS_WIFI_STATE
ADDED from src/main/AndroidManifest.xml:14:5-76
	android:name
		ADDED from src/main/AndroidManifest.xml:14:22-73
uses-permission#android.permission.CHANGE_NETWORK_STATE
ADDED from src/main/AndroidManifest.xml:15:5-79
	android:name
		ADDED from src/main/AndroidManifest.xml:15:22-76
uses-permission#android.permission.READ_PHONE_STATE
ADDED from src/main/AndroidManifest.xml:16:5-75
	android:name
		ADDED from src/main/AndroidManifest.xml:16:22-72
uses-permission#android.permission.ACCESS_FINE_LOCATION
ADDED from src/main/AndroidManifest.xml:17:5-79
	android:name
		ADDED from src/main/AndroidManifest.xml:17:22-76
uses-permission#android.permission.READ_CONTACTS
ADDED from src/main/AndroidManifest.xml:18:5-72
	android:name
		ADDED from src/main/AndroidManifest.xml:18:22-69
uses-permission#android.permission.WRITE_EXTERNAL_STORAGE
ADDED from src/main/AndroidManifest.xml:19:5-81
	android:name
		ADDED from src/main/AndroidManifest.xml:19:22-78
uses-permission#android.permission.CAMERA
ADDED from src/main/AndroidManifest.xml:20:5-65
	android:name
		ADDED from src/main/AndroidManifest.xml:20:22-62
uses-permission#android.permission.VIBRATE
ADDED from src/main/AndroidManifest.xml:21:5-66
	android:name
		ADDED from src/main/AndroidManifest.xml:21:22-63
application
ADDED from src/main/AndroidManifest.xml:23:5-91:19
	android:label
		ADDED from src/main/AndroidManifest.xml:27:9-41
	android:allowBackup
		ADDED from src/main/AndroidManifest.xml:25:9-36
	android:icon
		ADDED from src/main/AndroidManifest.xml:26:9-42
	android:name
		ADDED from src/main/AndroidManifest.xml:24:9-50
activity#com.example.uhfxintong.MainActivity
ADDED from src/main/AndroidManifest.xml:28:9-40:20
	android:screenOrientation
		ADDED from src/main/AndroidManifest.xml:32:13-49
	android:label
		ADDED from src/main/AndroidManifest.xml:31:13-45
	android:configChanges
		ADDED from src/main/AndroidManifest.xml:30:13-74
	android:theme
		ADDED from src/main/AndroidManifest.xml:33:13-66
	android:name
		ADDED from src/main/AndroidManifest.xml:29:13-63
intent-filter#android.intent.action.MAIN+android.intent.category.LAUNCHER
ADDED from src/main/AndroidManifest.xml:35:13-39:29
action#android.intent.action.MAIN
ADDED from src/main/AndroidManifest.xml:36:17-69
	android:name
		ADDED from src/main/AndroidManifest.xml:36:25-66
category#android.intent.category.LAUNCHER
ADDED from src/main/AndroidManifest.xml:38:17-77
	android:name
		ADDED from src/main/AndroidManifest.xml:38:27-74
activity#com.example.uhfxintong.EntryActivity
ADDED from src/main/AndroidManifest.xml:41:9-47:15
	android:screenOrientation
		ADDED from src/main/AndroidManifest.xml:45:25-61
	android:label
		ADDED from src/main/AndroidManifest.xml:44:13-58
	android:configChanges
		ADDED from src/main/AndroidManifest.xml:43:13-74
	android:theme
		ADDED from src/main/AndroidManifest.xml:46:13-66
	android:name
		ADDED from src/main/AndroidManifest.xml:42:13-64
activity#com.example.uhfxintong.InventoryActivity
ADDED from src/main/AndroidManifest.xml:48:9-54:15
	android:screenOrientation
		ADDED from src/main/AndroidManifest.xml:52:13-49
	android:label
		ADDED from src/main/AndroidManifest.xml:51:13-57
	android:configChanges
		ADDED from src/main/AndroidManifest.xml:50:13-94
	android:theme
		ADDED from src/main/AndroidManifest.xml:53:13-66
	android:name
		ADDED from src/main/AndroidManifest.xml:49:13-68
activity#com.example.uhfxintong.HistoryActivity
ADDED from src/main/AndroidManifest.xml:55:9-61:20
	android:screenOrientation
		ADDED from src/main/AndroidManifest.xml:58:25-61
	android:label
		ADDED from src/main/AndroidManifest.xml:57:13-59
	android:theme
		ADDED from src/main/AndroidManifest.xml:59:13-66
	android:name
		ADDED from src/main/AndroidManifest.xml:56:13-66
activity#com.example.uhfxintong.ErWeiScanCaptureActivity
ADDED from src/main/AndroidManifest.xml:62:9-68:20
	android:screenOrientation
		ADDED from src/main/AndroidManifest.xml:65:13-49
	android:label
		ADDED from src/main/AndroidManifest.xml:64:13-59
	android:theme
		ADDED from src/main/AndroidManifest.xml:66:13-66
	android:name
		ADDED from src/main/AndroidManifest.xml:63:13-75
activity#com.example.uhfxintong.QueXianInputActivity
ADDED from src/main/AndroidManifest.xml:69:9-75:20
	android:screenOrientation
		ADDED from src/main/AndroidManifest.xml:72:13-49
	android:label
		ADDED from src/main/AndroidManifest.xml:71:13-59
	android:theme
		ADDED from src/main/AndroidManifest.xml:73:13-66
	android:name
		ADDED from src/main/AndroidManifest.xml:70:13-71
activity#com.example.uhfxintong.BeiZhuInputActivity
ADDED from src/main/AndroidManifest.xml:76:17-82:20
	android:screenOrientation
		ADDED from src/main/AndroidManifest.xml:79:13-49
	android:label
		ADDED from src/main/AndroidManifest.xml:78:13-59
	android:theme
		ADDED from src/main/AndroidManifest.xml:80:13-66
	android:name
		ADDED from src/main/AndroidManifest.xml:77:13-70
activity#com.example.uhfxintong.HistoryActivityNew
ADDED from src/main/AndroidManifest.xml:83:25-89:20
	android:screenOrientation
		ADDED from src/main/AndroidManifest.xml:86:13-49
	android:label
		ADDED from src/main/AndroidManifest.xml:85:13-59
	android:theme
		ADDED from src/main/AndroidManifest.xml:87:13-66
	android:name
		ADDED from src/main/AndroidManifest.xml:84:13-69